Using pre-set license
Built from '2020.3/staging' branch; Version is '2020.3.0f1 (c7b5465681fb) revision 13088070'; Using compiler version '192528614'; Build Type 'Release'
OS: 'Windows 10 Pro; OS build 21364.1000; Version 2009; 64bit' Language: 'en' Physical Memory: 16333 MB
BatchMode: 1, IsHumanControllingUs: 0, StartBugReporterOnCrash: 0, Is64bit: 1, IsPro: 0

 COMMAND LINE ARGUMENTS:
E:\Unity\2020.3.0f1\Editor\Unity.exe
-adb2
-batchMode
-noUpm
-name
AssetImportWorker0
-projectPath
D:/Code/LD48
-logFile
Logs/AssetImportWorker0.log
-srvPort
61170
Successfully changed project path to: D:/Code/LD48
D:/Code/LD48
Using Asset Import Pipeline V2.
Refreshing native plugins compatible for Editor in 62.95 ms, found 0 plugins.
Preloading 0 native plugins for Editor in 0.00 ms.
Initialize engine version: 2020.3.0f1 (c7b5465681fb)
[Subsystems] Discovering subsystems at path E:/Unity/2020.3.0f1/Editor/Data/Resources/UnitySubsystems
[Subsystems] Discovering subsystems at path D:/Code/LD48/Assets
GfxDevice: creating device client; threaded=0
Direct3D:
    Version:  Direct3D 11.0 [level 11.1]
    Renderer: NVIDIA GeForce GTX 1060 6GB (ID=0x1c03)
    Vendor:   
    VRAM:     6052 MB
    Driver:   27.21.14.7025
Shader 'Universal Render Pipeline/Particles/Lit': fallback shader 'Universal Render Pipeline/Particles/SimpleLit' not found
Initialize mono
Mono path[0] = 'E:/Unity/2020.3.0f1/Editor/Data/Managed'
Mono path[1] = 'E:/Unity/2020.3.0f1/Editor/Data/MonoBleedingEdge/lib/mono/unityjit'
Mono config path = 'E:/Unity/2020.3.0f1/Editor/Data/MonoBleedingEdge/etc'
Using monoOptions --debugger-agent=transport=dt_socket,embedding=1,server=y,suspend=n,address=127.0.0.1:56840
Begin MonoManager ReloadAssembly
Registering precompiled unity dll's ...
Register platform support module: E:/Unity/2020.3.0f1/Editor/Data/PlaybackEngines/WebGLSupport/UnityEditor.WebGL.Extensions.dll
Register platform support module: E:/Unity/2020.3.0f1/Editor/Data/PlaybackEngines/WindowsStandaloneSupport/UnityEditor.WindowsStandalone.Extensions.dll
Registered in 0.001188 seconds.
Native extension for WindowsStandalone target not found
Native extension for WebGL target not found
Refreshing native plugins compatible for Editor in 44.62 ms, found 0 plugins.
Preloading 0 native plugins for Editor in 0.00 ms.
Invoked RoslynAnalysisRunner static constructor.
RoslynAnalysisRunner will not be running.
RoslynAnalysisRunner has terminated.
Mono: successfully reloaded assembly
- Completed reload, in  1.443 seconds
Platform modules already initialized, skipping
Registering precompiled user dll's ...
Registered in 0.000927 seconds.
Begin MonoManager ReloadAssembly
Native extension for WindowsStandalone target not found
Native extension for WebGL target not found
Refreshing native plugins compatible for Editor in 62.32 ms, found 0 plugins.
Preloading 0 native plugins for Editor in 0.00 ms.
Invoked RoslynAnalysisRunner static constructor.
RoslynAnalysisRunner will not be running.
RoslynAnalysisRunner has terminated.
Mono: successfully reloaded assembly
- Completed reload, in  1.004 seconds
Platform modules already initialized, skipping
========================================================================
Worker process is ready to serve import requests
Shader 'Universal Render Pipeline/Particles/Lit': fallback shader 'Universal Render Pipeline/Particles/SimpleLit' not found
Launched and connected shader compiler UnityShaderCompiler.exe after 0.05 seconds
Refreshing native plugins compatible for Editor in 0.42 ms, found 0 plugins.
Preloading 0 native plugins for Editor in 0.00 ms.
Unloading 2709 Unused Serialized files (Serialized files now loaded: 0)
System memory in use before: 193.2 MB.
System memory in use after: 191.4 MB.

Unloading 45 unused Assets to reduce memory usage. Loaded Objects now: 3130.
Total: 3.754000 ms (FindLiveObjects: 0.379300 ms CreateObjectMapping: 0.224800 ms MarkObjects: 2.107100 ms  DeleteObjects: 1.041900 ms)

========================================================================
Received Import Request.
  path: Assets/Scripts/PlayerMovement.cs
  artifactKey: Guid(8761fe8544d7e934da74b5b2c6957374) Importer(815301076,1909f56bfc062723c751e8b465ee728b)
Start importing Assets/Scripts/PlayerMovement.cs using Guid(8761fe8544d7e934da74b5b2c6957374) Importer(815301076,1909f56bfc062723c751e8b465ee728b)  -> (artifact id: '1ab138501caac3bcdf2d63475d3a5dd8') in 0.085942 seconds
  Import took 0.089817 seconds .

========================================================================
Received Prepare
Registering precompiled user dll's ...
Registered in 0.001515 seconds.
Begin MonoManager ReloadAssembly
Native extension for WindowsStandalone target not found
Native extension for WebGL target not found
Refreshing native plugins compatible for Editor in 0.52 ms, found 0 plugins.
Preloading 0 native plugins for Editor in 0.00 ms.
Invoked RoslynAnalysisRunner static constructor.
RoslynAnalysisRunner will not be running.
RoslynAnalysisRunner has terminated.
Mono: successfully reloaded assembly
- Completed reload, in  0.954 seconds
Platform modules already initialized, skipping
Shader 'Universal Render Pipeline/Particles/Lit': fallback shader 'Universal Render Pipeline/Particles/SimpleLit' not found
Refreshing native plugins compatible for Editor in 0.41 ms, found 0 plugins.
Preloading 0 native plugins for Editor in 0.00 ms.
Unloading 2614 Unused Serialized files (Serialized files now loaded: 0)
System memory in use before: 188.7 MB.
System memory in use after: 186.8 MB.

Unloading 37 unused Assets to reduce memory usage. Loaded Objects now: 3133.
Total: 3.734500 ms (FindLiveObjects: 0.452700 ms CreateObjectMapping: 0.117000 ms MarkObjects: 2.134200 ms  DeleteObjects: 1.028900 ms)

========================================================================
Received Import Request.
  Time since last request: 108.455187 seconds.
  path: Assets/Scripts/PlayerMovement.cs
  artifactKey: Guid(8761fe8544d7e934da74b5b2c6957374) Importer(815301076,1909f56bfc062723c751e8b465ee728b)
Start importing Assets/Scripts/PlayerMovement.cs using Guid(8761fe8544d7e934da74b5b2c6957374) Importer(815301076,1909f56bfc062723c751e8b465ee728b)  -> (artifact id: '6496631abe0b89e7787e1225d1558a83') in 0.012999 seconds
  Import took 0.025423 seconds .

========================================================================
Received Prepare
Registering precompiled user dll's ...
Registered in 0.001629 seconds.
Begin MonoManager ReloadAssembly
Native extension for WindowsStandalone target not found
Native extension for WebGL target not found
Refreshing native plugins compatible for Editor in 0.42 ms, found 0 plugins.
Preloading 0 native plugins for Editor in 0.00 ms.
Invoked RoslynAnalysisRunner static constructor.
RoslynAnalysisRunner will not be running.
RoslynAnalysisRunner has terminated.
Mono: successfully reloaded assembly
- Completed reload, in  0.914 seconds
Platform modules already initialized, skipping
Shader 'Universal Render Pipeline/Particles/Lit': fallback shader 'Universal Render Pipeline/Particles/SimpleLit' not found
Refreshing native plugins compatible for Editor in 0.40 ms, found 0 plugins.
Preloading 0 native plugins for Editor in 0.00 ms.
Unloading 2614 Unused Serialized files (Serialized files now loaded: 0)
System memory in use before: 188.8 MB.
System memory in use after: 186.9 MB.

Unloading 37 unused Assets to reduce memory usage. Loaded Objects now: 3136.
Total: 3.473000 ms (FindLiveObjects: 0.310200 ms CreateObjectMapping: 0.138700 ms MarkObjects: 1.990500 ms  DeleteObjects: 1.032800 ms)

========================================================================
Received Import Request.
  Time since last request: 124.876503 seconds.
  path: Assets/Scripts/PlayerMovement.cs
  artifactKey: Guid(8761fe8544d7e934da74b5b2c6957374) Importer(815301076,1909f56bfc062723c751e8b465ee728b)
Start importing Assets/Scripts/PlayerMovement.cs using Guid(8761fe8544d7e934da74b5b2c6957374) Importer(815301076,1909f56bfc062723c751e8b465ee728b)  -> (artifact id: '712692dc69f06ff9b93dabdc834a80d2') in 0.006876 seconds
  Import took 0.021833 seconds .

========================================================================
Received Prepare
Registering precompiled user dll's ...
Registered in 0.001307 seconds.
Begin MonoManager ReloadAssembly
Native extension for WindowsStandalone target not found
Native extension for WebGL target not found
Refreshing native plugins compatible for Editor in 0.41 ms, found 0 plugins.
Preloading 0 native plugins for Editor in 0.00 ms.
Invoked RoslynAnalysisRunner static constructor.
RoslynAnalysisRunner will not be running.
RoslynAnalysisRunner has terminated.
Mono: successfully reloaded assembly
- Completed reload, in  0.919 seconds
Platform modules already initialized, skipping
Shader 'Universal Render Pipeline/Particles/Lit': fallback shader 'Universal Render Pipeline/Particles/SimpleLit' not found
Refreshing native plugins compatible for Editor in 0.41 ms, found 0 plugins.
Preloading 0 native plugins for Editor in 0.00 ms.
Unloading 2614 Unused Serialized files (Serialized files now loaded: 0)
System memory in use before: 188.8 MB.
System memory in use after: 186.9 MB.

Unloading 37 unused Assets to reduce memory usage. Loaded Objects now: 3139.
Total: 4.187300 ms (FindLiveObjects: 0.341900 ms CreateObjectMapping: 0.195900 ms MarkObjects: 2.180900 ms  DeleteObjects: 1.466800 ms)

========================================================================
Received Import Request.
  Time since last request: 68.878564 seconds.
  path: Assets/Scripts/PlayerMovement.cs
  artifactKey: Guid(8761fe8544d7e934da74b5b2c6957374) Importer(815301076,1909f56bfc062723c751e8b465ee728b)
Start importing Assets/Scripts/PlayerMovement.cs using Guid(8761fe8544d7e934da74b5b2c6957374) Importer(815301076,1909f56bfc062723c751e8b465ee728b)  -> (artifact id: 'd64ee02b6eae3b9f8f2d8dbef552ac3f') in 0.008067 seconds
  Import took 0.011895 seconds .

========================================================================
Received Prepare
Registering precompiled user dll's ...
Registered in 0.001067 seconds.
Begin MonoManager ReloadAssembly
Native extension for WindowsStandalone target not found
Native extension for WebGL target not found
Refreshing native plugins compatible for Editor in 0.42 ms, found 0 plugins.
Preloading 0 native plugins for Editor in 0.00 ms.
Invoked RoslynAnalysisRunner static constructor.
RoslynAnalysisRunner will not be running.
RoslynAnalysisRunner has terminated.
Mono: successfully reloaded assembly
- Completed reload, in  0.922 seconds
Platform modules already initialized, skipping
Shader 'Universal Render Pipeline/Particles/Lit': fallback shader 'Universal Render Pipeline/Particles/SimpleLit' not found
Refreshing native plugins compatible for Editor in 0.46 ms, found 0 plugins.
Preloading 0 native plugins for Editor in 0.00 ms.
Unloading 2614 Unused Serialized files (Serialized files now loaded: 0)
System memory in use before: 188.8 MB.
System memory in use after: 187.0 MB.

Unloading 37 unused Assets to reduce memory usage. Loaded Objects now: 3142.
Total: 5.259000 ms (FindLiveObjects: 0.325200 ms CreateObjectMapping: 0.161400 ms MarkObjects: 3.408900 ms  DeleteObjects: 1.362000 ms)

========================================================================
Received Import Request.
  Time since last request: 42.743264 seconds.
  path: Assets/Scripts/PlayerMovement.cs
  artifactKey: Guid(8761fe8544d7e934da74b5b2c6957374) Importer(815301076,1909f56bfc062723c751e8b465ee728b)
Start importing Assets/Scripts/PlayerMovement.cs using Guid(8761fe8544d7e934da74b5b2c6957374) Importer(815301076,1909f56bfc062723c751e8b465ee728b)  -> (artifact id: '769a06de45f390819d03e4c93c31061f') in 0.008679 seconds
  Import took 0.012631 seconds .

========================================================================
Received Prepare
Registering precompiled user dll's ...
Registered in 0.001038 seconds.
Begin MonoManager ReloadAssembly
Native extension for WindowsStandalone target not found
Native extension for WebGL target not found
Refreshing native plugins compatible for Editor in 0.43 ms, found 0 plugins.
Preloading 0 native plugins for Editor in 0.00 ms.
Invoked RoslynAnalysisRunner static constructor.
RoslynAnalysisRunner will not be running.
RoslynAnalysisRunner has terminated.
Mono: successfully reloaded assembly
- Completed reload, in  0.882 seconds
Platform modules already initialized, skipping
Shader 'Universal Render Pipeline/Particles/Lit': fallback shader 'Universal Render Pipeline/Particles/SimpleLit' not found
Refreshing native plugins compatible for Editor in 0.41 ms, found 0 plugins.
Preloading 0 native plugins for Editor in 0.00 ms.
Unloading 2614 Unused Serialized files (Serialized files now loaded: 0)
System memory in use before: 188.8 MB.
System memory in use after: 187.0 MB.

Unloading 37 unused Assets to reduce memory usage. Loaded Objects now: 3145.
Total: 4.365500 ms (FindLiveObjects: 0.573500 ms CreateObjectMapping: 0.255500 ms MarkObjects: 2.272800 ms  DeleteObjects: 1.262300 ms)

========================================================================
Received Import Request.
  Time since last request: 13.229140 seconds.
  path: Assets/Scripts/PlayerMovement.cs
  artifactKey: Guid(8761fe8544d7e934da74b5b2c6957374) Importer(815301076,1909f56bfc062723c751e8b465ee728b)
Start importing Assets/Scripts/PlayerMovement.cs using Guid(8761fe8544d7e934da74b5b2c6957374) Importer(815301076,1909f56bfc062723c751e8b465ee728b)  -> (artifact id: '535651964c00d76eede887f3e28e4a2c') in 0.009266 seconds
  Import took 0.025796 seconds .

========================================================================
Received Prepare
Registering precompiled user dll's ...
Registered in 0.001041 seconds.
Begin MonoManager ReloadAssembly
Native extension for WindowsStandalone target not found
Native extension for WebGL target not found
Refreshing native plugins compatible for Editor in 0.40 ms, found 0 plugins.
Preloading 0 native plugins for Editor in 0.00 ms.
Invoked RoslynAnalysisRunner static constructor.
RoslynAnalysisRunner will not be running.
RoslynAnalysisRunner has terminated.
Mono: successfully reloaded assembly
- Completed reload, in  0.894 seconds
Platform modules already initialized, skipping
Shader 'Universal Render Pipeline/Particles/Lit': fallback shader 'Universal Render Pipeline/Particles/SimpleLit' not found
Refreshing native plugins compatible for Editor in 1.05 ms, found 0 plugins.
Preloading 0 native plugins for Editor in 0.00 ms.
Unloading 2614 Unused Serialized files (Serialized files now loaded: 0)
System memory in use before: 188.8 MB.
System memory in use after: 187.0 MB.

Unloading 37 unused Assets to reduce memory usage. Loaded Objects now: 3148.
Total: 3.734900 ms (FindLiveObjects: 0.313300 ms CreateObjectMapping: 0.192200 ms MarkObjects: 1.794300 ms  DeleteObjects: 1.433300 ms)

========================================================================
Received Prepare
Registering precompiled user dll's ...
Registered in 0.001545 seconds.
Begin MonoManager ReloadAssembly
Native extension for WindowsStandalone target not found
Native extension for WebGL target not found
Refreshing native plugins compatible for Editor in 0.44 ms, found 0 plugins.
Preloading 0 native plugins for Editor in 0.00 ms.
Invoked RoslynAnalysisRunner static constructor.
RoslynAnalysisRunner will not be running.
RoslynAnalysisRunner has terminated.
Mono: successfully reloaded assembly
- Completed reload, in  0.922 seconds
Platform modules already initialized, skipping
Shader 'Universal Render Pipeline/Particles/Lit': fallback shader 'Universal Render Pipeline/Particles/SimpleLit' not found
Refreshing native plugins compatible for Editor in 1.05 ms, found 0 plugins.
Preloading 0 native plugins for Editor in 0.00 ms.
Unloading 2614 Unused Serialized files (Serialized files now loaded: 0)
System memory in use before: 188.8 MB.
System memory in use after: 187.0 MB.

Unloading 37 unused Assets to reduce memory usage. Loaded Objects now: 3151.
Total: 7.720100 ms (FindLiveObjects: 0.626800 ms CreateObjectMapping: 1.743600 ms MarkObjects: 3.805600 ms  DeleteObjects: 1.542000 ms)

========================================================================
Received Import Request.
  Time since last request: 565.965468 seconds.
  path: Assets/Scripts/PlayerMovement.cs
  artifactKey: Guid(8761fe8544d7e934da74b5b2c6957374) Importer(815301076,1909f56bfc062723c751e8b465ee728b)
Start importing Assets/Scripts/PlayerMovement.cs using Guid(8761fe8544d7e934da74b5b2c6957374) Importer(815301076,1909f56bfc062723c751e8b465ee728b)  -> (artifact id: 'd23eda479ff343ecbb5086464b42098c') in 0.007964 seconds
  Import took 0.011801 seconds .

========================================================================
Received Prepare
Registering precompiled user dll's ...
Registered in 0.001074 seconds.
Begin MonoManager ReloadAssembly
Native extension for WindowsStandalone target not found
Native extension for WebGL target not found
Refreshing native plugins compatible for Editor in 0.45 ms, found 0 plugins.
Preloading 0 native plugins for Editor in 0.00 ms.
Invoked RoslynAnalysisRunner static constructor.
RoslynAnalysisRunner will not be running.
RoslynAnalysisRunner has terminated.
Mono: successfully reloaded assembly
- Completed reload, in  1.091 seconds
Platform modules already initialized, skipping
Shader 'Universal Render Pipeline/Particles/Lit': fallback shader 'Universal Render Pipeline/Particles/SimpleLit' not found
Refreshing native plugins compatible for Editor in 0.59 ms, found 0 plugins.
Preloading 0 native plugins for Editor in 0.00 ms.
Unloading 2614 Unused Serialized files (Serialized files now loaded: 0)
System memory in use before: 188.8 MB.
System memory in use after: 187.0 MB.

Unloading 37 unused Assets to reduce memory usage. Loaded Objects now: 3154.
Total: 4.503700 ms (FindLiveObjects: 0.393300 ms CreateObjectMapping: 0.155100 ms MarkObjects: 2.485000 ms  DeleteObjects: 1.468600 ms)

========================================================================
Received Import Request.
  Time since last request: 353.501410 seconds.
  path: Assets/Sounds/Collect1.wav
  artifactKey: Guid(ff0076e25462e4041b7484fbcc2bfea5) Importer(815301076,1909f56bfc062723c751e8b465ee728b)
Start importing Assets/Sounds/Collect1.wav using Guid(ff0076e25462e4041b7484fbcc2bfea5) Importer(815301076,1909f56bfc062723c751e8b465ee728b)  -> (artifact id: '258a90ff0d6ae18e01c81223221a7919') in 0.090615 seconds
  Import took 0.095165 seconds .

========================================================================
Received Import Request.
  Time since last request: 0.000343 seconds.
  path: Assets/Sounds/Collect2.wav
  artifactKey: Guid(a46e3d4775b63c841b0f008155c505c7) Importer(815301076,1909f56bfc062723c751e8b465ee728b)
Start importing Assets/Sounds/Collect2.wav using Guid(a46e3d4775b63c841b0f008155c505c7) Importer(815301076,1909f56bfc062723c751e8b465ee728b)  -> (artifact id: '7e67f715a08a169622ad0ca837af31b3') in 0.038641 seconds
  Import took 0.043248 seconds .

========================================================================
Received Import Request.
  Time since last request: 0.000384 seconds.
  path: Assets/Sounds/Dig5.wav
  artifactKey: Guid(b9213ea4713094e41aa7829b392f50f0) Importer(815301076,1909f56bfc062723c751e8b465ee728b)
Start importing Assets/Sounds/Dig5.wav using Guid(b9213ea4713094e41aa7829b392f50f0) Importer(815301076,1909f56bfc062723c751e8b465ee728b)  -> (artifact id: 'a5ffba1b6a3b2834610e44b9d1bc2b20') in 0.024163 seconds
  Import took 0.028055 seconds .

========================================================================
Received Import Request.
  Time since last request: 0.000368 seconds.
  path: Assets/Sounds/Dig9.wav
  artifactKey: Guid(f96d8fbccfb863240ae24a90a3ac6e94) Importer(815301076,1909f56bfc062723c751e8b465ee728b)
Start importing Assets/Sounds/Dig9.wav using Guid(f96d8fbccfb863240ae24a90a3ac6e94) Importer(815301076,1909f56bfc062723c751e8b465ee728b)  -> (artifact id: '116e3c73f185d499511da1e6caf49963') in 0.021897 seconds
  Import took 0.026544 seconds .

========================================================================
Received Import Request.
  Time since last request: 0.000342 seconds.
  path: Assets/Sounds/Dig1.wav
  artifactKey: Guid(b398be07d94c3414ab85ae7960b5ef5e) Importer(815301076,1909f56bfc062723c751e8b465ee728b)
Start importing Assets/Sounds/Dig1.wav using Guid(b398be07d94c3414ab85ae7960b5ef5e) Importer(815301076,1909f56bfc062723c751e8b465ee728b)  -> (artifact id: 'a196268de1ce6f725df92fcd705b34bd') in 0.019092 seconds
  Import took 0.032976 seconds .

========================================================================
Received Import Request.
  Time since last request: 0.000354 seconds.
  path: Assets/Sounds/Collect4.wav
  artifactKey: Guid(b0a3c969b5258ef4d90a86f0dcc89686) Importer(815301076,1909f56bfc062723c751e8b465ee728b)
Start importing Assets/Sounds/Collect4.wav using Guid(b0a3c969b5258ef4d90a86f0dcc89686) Importer(815301076,1909f56bfc062723c751e8b465ee728b)  -> (artifact id: '51e2cc21c02e84956c647d8c2b258af0') in 0.021421 seconds
  Import took 0.026176 seconds .

========================================================================
Received Import Request.
  Time since last request: 0.000285 seconds.
  path: Assets/Sounds/Collect5.wav
  artifactKey: Guid(914d1b7c7ac5c0d4aa7053516d77f5b1) Importer(815301076,1909f56bfc062723c751e8b465ee728b)
Start importing Assets/Sounds/Collect5.wav using Guid(914d1b7c7ac5c0d4aa7053516d77f5b1) Importer(815301076,1909f56bfc062723c751e8b465ee728b)  -> (artifact id: '8e7a02d8a040cd302ffacd8d34a0ef40') in 0.018753 seconds
  Import took 0.022836 seconds .

========================================================================
Received Import Request.
  Time since last request: 0.000280 seconds.
  path: Assets/Sounds/Dig2.wav
  artifactKey: Guid(164a8476d7a5a884bb433a7120385fa4) Importer(815301076,1909f56bfc062723c751e8b465ee728b)
Start importing Assets/Sounds/Dig2.wav using Guid(164a8476d7a5a884bb433a7120385fa4) Importer(815301076,1909f56bfc062723c751e8b465ee728b)  -> (artifact id: '67ae0e34765113c771169b41605d91bb') in 0.019624 seconds
  Import took 0.024457 seconds .

========================================================================
Received Import Request.
  Time since last request: 0.000287 seconds.
  path: Assets/Sounds/Dig6.wav
  artifactKey: Guid(e7a7416a26502e74894ab99a9127884d) Importer(815301076,1909f56bfc062723c751e8b465ee728b)
Start importing Assets/Sounds/Dig6.wav using Guid(e7a7416a26502e74894ab99a9127884d) Importer(815301076,1909f56bfc062723c751e8b465ee728b)  -> (artifact id: 'bba457b001639610a04616b070c5c266') in 0.018521 seconds
  Import took 0.028710 seconds .

========================================================================
Received Import Request.
  Time since last request: 0.000357 seconds.
  path: Assets/Sounds/Collect3.wav
  artifactKey: Guid(38ba8f11a9661ea4fb5bd60c514f5be5) Importer(815301076,1909f56bfc062723c751e8b465ee728b)
Start importing Assets/Sounds/Collect3.wav using Guid(38ba8f11a9661ea4fb5bd60c514f5be5) Importer(815301076,1909f56bfc062723c751e8b465ee728b)  -> (artifact id: '04b02f7d2509116c827d8d491f03eb18') in 0.019842 seconds
  Import took 0.023885 seconds .

========================================================================
Received Import Request.
  Time since last request: 0.000249 seconds.
  path: Assets/Sounds/Dig3.wav
  artifactKey: Guid(f8e71be234acebe4a8d2853845564e66) Importer(815301076,1909f56bfc062723c751e8b465ee728b)
Start importing Assets/Sounds/Dig3.wav using Guid(f8e71be234acebe4a8d2853845564e66) Importer(815301076,1909f56bfc062723c751e8b465ee728b)  -> (artifact id: '255187b7fd5251ac32963ed36f27cb32') in 0.016905 seconds
  Import took 0.020910 seconds .

========================================================================
Received Import Request.
  Time since last request: 0.000330 seconds.
  path: Assets/Sounds/Dig4.wav
  artifactKey: Guid(b4a5286c310367c4ea344b217b206780) Importer(815301076,1909f56bfc062723c751e8b465ee728b)
Start importing Assets/Sounds/Dig4.wav using Guid(b4a5286c310367c4ea344b217b206780) Importer(815301076,1909f56bfc062723c751e8b465ee728b)  -> (artifact id: '82301e9dd8deed51b1ac0f693dc66ed4') in 0.017160 seconds
  Import took 0.022479 seconds .

========================================================================
Received Import Request.
  Time since last request: 0.000242 seconds.
  path: Assets/Sounds/Dig7.wav
  artifactKey: Guid(f9bf6f2f580cd1b4ebbbafed107856ff) Importer(815301076,1909f56bfc062723c751e8b465ee728b)
Start importing Assets/Sounds/Dig7.wav using Guid(f9bf6f2f580cd1b4ebbbafed107856ff) Importer(815301076,1909f56bfc062723c751e8b465ee728b)  -> (artifact id: 'ee7d3ce2560f514e89c145cc7bae3fb1') in 0.017371 seconds
  Import took 0.021559 seconds .

========================================================================
Received Import Request.
  Time since last request: 0.000243 seconds.
  path: Assets/Sounds/Dig8.wav
  artifactKey: Guid(29ff01cc8353bf441b2049c0d308c425) Importer(815301076,1909f56bfc062723c751e8b465ee728b)
Start importing Assets/Sounds/Dig8.wav using Guid(29ff01cc8353bf441b2049c0d308c425) Importer(815301076,1909f56bfc062723c751e8b465ee728b)  -> (artifact id: '079f4eb777194fa305ff962b21634ab4') in 0.017386 seconds
  Import took 0.021455 seconds .

========================================================================
Received Import Request.
  Time since last request: 0.000287 seconds.
  path: Assets/Sounds/Dig10.wav
  artifactKey: Guid(3678b2435bfdeca448c50c791ff2c3fb) Importer(815301076,1909f56bfc062723c751e8b465ee728b)
Start importing Assets/Sounds/Dig10.wav using Guid(3678b2435bfdeca448c50c791ff2c3fb) Importer(815301076,1909f56bfc062723c751e8b465ee728b)  -> (artifact id: 'd25bbf2a4ab1bba45fcae8de07de1c0c') in 0.024430 seconds
  Import took 0.030800 seconds .

========================================================================
Received Import Request.
  Time since last request: 0.000251 seconds.
  path: Assets/Sounds/Splat1.wav
  artifactKey: Guid(23269fa7fad0a2348b7f5d0e19eaa2dc) Importer(815301076,1909f56bfc062723c751e8b465ee728b)
Start importing Assets/Sounds/Splat1.wav using Guid(23269fa7fad0a2348b7f5d0e19eaa2dc) Importer(815301076,1909f56bfc062723c751e8b465ee728b)  -> (artifact id: 'f98c79b63a80efa31a3e52b0962fb11a') in 0.020345 seconds
  Import took 0.038551 seconds .

========================================================================
Received Import Request.
  Time since last request: 1.745637 seconds.
  path: Assets/Music/MainMusic.wav
  artifactKey: Guid(ba8f164a792cbd44697cd4d4991052dc) Importer(815301076,1909f56bfc062723c751e8b465ee728b)
Start importing Assets/Music/MainMusic.wav using Guid(ba8f164a792cbd44697cd4d4991052dc) Importer(815301076,1909f56bfc062723c751e8b465ee728b)  -> (artifact id: '1566cc3896b2f35471945978c83819c8') in 0.015477 seconds
  Import took 0.052957 seconds .

========================================================================
Received Prepare
Registering precompiled user dll's ...
Registered in 0.001039 seconds.
Begin MonoManager ReloadAssembly
Native extension for WindowsStandalone target not found
Native extension for WebGL target not found
Refreshing native plugins compatible for Editor in 0.41 ms, found 0 plugins.
Preloading 0 native plugins for Editor in 0.00 ms.
Invoked RoslynAnalysisRunner static constructor.
RoslynAnalysisRunner will not be running.
RoslynAnalysisRunner has terminated.
Mono: successfully reloaded assembly
- Completed reload, in  0.958 seconds
Platform modules already initialized, skipping
Shader 'Universal Render Pipeline/Particles/Lit': fallback shader 'Universal Render Pipeline/Particles/SimpleLit' not found
Refreshing native plugins compatible for Editor in 0.42 ms, found 0 plugins.
Preloading 0 native plugins for Editor in 0.00 ms.
Unloading 2614 Unused Serialized files (Serialized files now loaded: 0)
System memory in use before: 191.9 MB.
System memory in use after: 190.1 MB.

Unloading 37 unused Assets to reduce memory usage. Loaded Objects now: 3166.
Total: 3.847300 ms (FindLiveObjects: 0.303000 ms CreateObjectMapping: 0.190100 ms MarkObjects: 2.102200 ms  DeleteObjects: 1.250500 ms)

========================================================================
Received Prepare
Registering precompiled user dll's ...
Registered in 0.001067 seconds.
Begin MonoManager ReloadAssembly
Native extension for WindowsStandalone target not found
Native extension for WebGL target not found
Refreshing native plugins compatible for Editor in 0.40 ms, found 0 plugins.
Preloading 0 native plugins for Editor in 0.00 ms.
Invoked RoslynAnalysisRunner static constructor.
RoslynAnalysisRunner will not be running.
RoslynAnalysisRunner has terminated.
Mono: successfully reloaded assembly
- Completed reload, in  0.904 seconds
Platform modules already initialized, skipping
Shader 'Universal Render Pipeline/Particles/Lit': fallback shader 'Universal Render Pipeline/Particles/SimpleLit' not found
Refreshing native plugins compatible for Editor in 0.41 ms, found 0 plugins.
Preloading 0 native plugins for Editor in 0.00 ms.
Unloading 2614 Unused Serialized files (Serialized files now loaded: 0)
System memory in use before: 191.9 MB.
System memory in use after: 190.1 MB.

Unloading 37 unused Assets to reduce memory usage. Loaded Objects now: 3169.
Total: 4.037400 ms (FindLiveObjects: 0.376600 ms CreateObjectMapping: 0.158100 ms MarkObjects: 2.040000 ms  DeleteObjects: 1.460800 ms)

========================================================================
Received Prepare
Registering precompiled user dll's ...
Registered in 0.001052 seconds.
Begin MonoManager ReloadAssembly
Native extension for WindowsStandalone target not found
Native extension for WebGL target not found
Refreshing native plugins compatible for Editor in 0.42 ms, found 0 plugins.
Preloading 0 native plugins for Editor in 0.00 ms.
Invoked RoslynAnalysisRunner static constructor.
RoslynAnalysisRunner will not be running.
RoslynAnalysisRunner has terminated.
Mono: successfully reloaded assembly
- Completed reload, in  0.931 seconds
Platform modules already initialized, skipping
Shader 'Universal Render Pipeline/Particles/Lit': fallback shader 'Universal Render Pipeline/Particles/SimpleLit' not found
Refreshing native plugins compatible for Editor in 0.52 ms, found 0 plugins.
Preloading 0 native plugins for Editor in 0.00 ms.
Unloading 2614 Unused Serialized files (Serialized files now loaded: 0)
System memory in use before: 191.9 MB.
System memory in use after: 190.1 MB.

Unloading 37 unused Assets to reduce memory usage. Loaded Objects now: 3172.
Total: 5.436000 ms (FindLiveObjects: 0.471800 ms CreateObjectMapping: 0.210100 ms MarkObjects: 3.081400 ms  DeleteObjects: 1.670900 ms)

========================================================================
Received Prepare
Shader 'Universal Render Pipeline/Particles/Lit': fallback shader 'Universal Render Pipeline/Particles/SimpleLit' not found
Refreshing native plugins compatible for Editor in 1.57 ms, found 0 plugins.
Preloading 0 native plugins for Editor in 0.00 ms.
Unloading 34 Unused Serialized files (Serialized files now loaded: 0)
System memory in use before: 140.9 MB.
System memory in use after: 139.1 MB.

Unloading 34 unused Assets to reduce memory usage. Loaded Objects now: 3172.
Total: 6.526200 ms (FindLiveObjects: 0.488000 ms CreateObjectMapping: 0.253700 ms MarkObjects: 3.719400 ms  DeleteObjects: 2.063600 ms)

========================================================================
Received Prepare
Registering precompiled user dll's ...
Registered in 0.001615 seconds.
Begin MonoManager ReloadAssembly
Native extension for WindowsStandalone target not found
Native extension for WebGL target not found
Refreshing native plugins compatible for Editor in 0.47 ms, found 0 plugins.
Preloading 0 native plugins for Editor in 0.00 ms.
Invoked RoslynAnalysisRunner static constructor.
RoslynAnalysisRunner will not be running.
RoslynAnalysisRunner has terminated.
Mono: successfully reloaded assembly
- Completed reload, in  0.913 seconds
Platform modules already initialized, skipping
Shader 'Universal Render Pipeline/Particles/Lit': fallback shader 'Universal Render Pipeline/Particles/SimpleLit' not found
Refreshing native plugins compatible for Editor in 0.41 ms, found 0 plugins.
Preloading 0 native plugins for Editor in 0.00 ms.
Unloading 2614 Unused Serialized files (Serialized files now loaded: 0)
System memory in use before: 191.9 MB.
System memory in use after: 190.1 MB.

Unloading 37 unused Assets to reduce memory usage. Loaded Objects now: 3175.
Total: 3.805200 ms (FindLiveObjects: 0.385600 ms CreateObjectMapping: 0.221600 ms MarkObjects: 2.052000 ms  DeleteObjects: 1.143800 ms)

========================================================================
Received Prepare
Shader 'Universal Render Pipeline/Particles/Lit': fallback shader 'Universal Render Pipeline/Particles/SimpleLit' not found
Refreshing native plugins compatible for Editor in 0.96 ms, found 0 plugins.
Preloading 0 native plugins for Editor in 0.00 ms.
Unloading 34 Unused Serialized files (Serialized files now loaded: 0)
System memory in use before: 140.9 MB.
System memory in use after: 139.1 MB.

Unloading 34 unused Assets to reduce memory usage. Loaded Objects now: 3175.
Total: 5.344600 ms (FindLiveObjects: 1.363200 ms CreateObjectMapping: 0.365900 ms MarkObjects: 2.387600 ms  DeleteObjects: 1.225100 ms)

========================================================================
Received Prepare
Shader 'Universal Render Pipeline/Particles/Lit': fallback shader 'Universal Render Pipeline/Particles/SimpleLit' not found
Refreshing native plugins compatible for Editor in 0.90 ms, found 0 plugins.
Preloading 0 native plugins for Editor in 0.00 ms.
Unloading 34 Unused Serialized files (Serialized files now loaded: 0)
System memory in use before: 140.9 MB.
System memory in use after: 139.1 MB.

Unloading 34 unused Assets to reduce memory usage. Loaded Objects now: 3175.
Total: 4.746400 ms (FindLiveObjects: 0.458700 ms CreateObjectMapping: 0.201700 ms MarkObjects: 2.669600 ms  DeleteObjects: 1.415300 ms)

